<?xml version="1.0" encoding="UTF-8"?>
<testsuite name="ParcelTest" tests="3" skipped="0" failures="0" errors="0" timestamp="2016-02-16T00:09:22" hostname="epicodus-62.local" time="0.001">
  <properties/>
  <testcase name="newCost1_passParameters_returnCost" classname="ParcelTest" time="0.001"/>
  <testcase name="newCost_passParameters_returnCost" classname="ParcelTest" time="0.0"/>
  <testcase name="newVolume_passParameters_returnVolume" classname="ParcelTest" time="0.0"/>
  <system-out><![CDATA[]]></system-out>
  <system-err><![CDATA[]]></system-err>
</testsuite>
